app/build/intermediates/manifest_merge_blame_file/debug/processDebugMainManifest/manifest-merger-blame-debug-report.txt
1<?xml version="1.0" encoding="utf-8"?>
2<manifest xmlns:android="http://schemas.android.com/apk/res/android"
3    package="sa.hulksa.player.dev"
4    android:versionCode="64"
5    android:versionName="0.9.3.20-beta" >
6
7    <uses-sdk
8        android:minSdkVersion="23"
9        android:targetSdkVersion="36" />
10
11    <uses-permission android:name="android.permission.INTERNET" />
11-->src/main/AndroidManifest.xml:5:5-67
11-->src/main/AndroidManifest.xml:5:22-64
12    <uses-permission android:name="android.permission.ACCESS_NETWORK_STATE" />
12-->src/main/AndroidManifest.xml:6:5-79
12-->src/main/AndroidManifest.xml:6:22-76
13    <uses-permission android:name="android.permission.WAKE_LOCK" />
13-->src/main/AndroidManifest.xml:7:5-68
13-->src/main/AndroidManifest.xml:7:22-65
14    <uses-permission android:name="android.permission.POST_NOTIFICATIONS" />
14-->src/main/AndroidManifest.xml:8:5-77
14-->src/main/AndroidManifest.xml:8:22-74
15    <uses-permission android:name="android.permission.FOREGROUND_SERVICE" />
15-->src/main/AndroidManifest.xml:9:5-77
15-->src/main/AndroidManifest.xml:9:22-74
16    <uses-permission android:name="android.permission.FOREGROUND_SERVICE_DATA_SYNC" />
16-->src/main/AndroidManifest.xml:10:5-87
16-->src/main/AndroidManifest.xml:10:22-84
17
18    <uses-feature
18-->src/main/AndroidManifest.xml:12:5-14:36
19        android:name="android.software.leanback"
19-->src/main/AndroidManifest.xml:13:9-49
20        android:required="false" />
20-->src/main/AndroidManifest.xml:14:9-33
21    <uses-feature
21-->src/main/AndroidManifest.xml:15:5-17:36
22        android:name="android.hardware.touchscreen"
22-->src/main/AndroidManifest.xml:16:9-52
23        android:required="false" />
23-->src/main/AndroidManifest.xml:17:9-33
24
25    <uses-permission android:name="android.permission.RECEIVE_BOOT_COMPLETED" />
25-->[androidx.work:work-runtime:2.11.2] AndroidManifest.xml:25:5-81
25-->[androidx.work:work-runtime:2.11.2] AndroidManifest.xml:25:22-78
26
27    <permission
27-->[androidx.core:core:1.18.0] AndroidManifest.xml:22:5-24:47
28        android:name="sa.hulksa.player.dev.DYNAMIC_RECEIVER_NOT_EXPORTED_PERMISSION"
28-->[androidx.core:core:1.18.0] AndroidManifest.xml:23:9-81
29        android:protectionLevel="signature" />
29-->[androidx.core:core:1.18.0] AndroidManifest.xml:24:9-44
30
31    <uses-permission android:name="sa.hulksa.player.dev.DYNAMIC_RECEIVER_NOT_EXPORTED_PERMISSION" />
31-->[androidx.core:core:1.18.0] AndroidManifest.xml:26:5-97
31-->[androidx.core:core:1.18.0] AndroidManifest.xml:26:22-94
32
33    <application
33-->src/main/AndroidManifest.xml:19:5-70:19
34        android:allowBackup="false"
34-->src/main/AndroidManifest.xml:20:9-36
35        android:appComponentFactory="androidx.core.app.CoreComponentFactory"
35-->[androidx.core:core:1.18.0] AndroidManifest.xml:28:18-86
36        android:banner="@drawable/tv_banner"
36-->src/main/AndroidManifest.xml:21:9-45
37        android:dataExtractionRules="@xml/data_extraction_rules"
37-->src/main/AndroidManifest.xml:22:9-65
38        android:debuggable="true"
39        android:extractNativeLibs="false"
40        android:fullBackupContent="@xml/backup_rules"
40-->src/main/AndroidManifest.xml:23:9-54
41        android:icon="@mipmap/ic_launcher"
41-->src/main/AndroidManifest.xml:24:9-43
42        android:label="@string/app_name"
42-->src/main/AndroidManifest.xml:25:9-41
43        android:networkSecurityConfig="@xml/network_security_config"
43-->src/main/AndroidManifest.xml:26:9-69
44        android:roundIcon="@mipmap/ic_launcher_round"
44-->src/main/AndroidManifest.xml:27:9-54
45        android:supportsRtl="true"
45-->src/main/AndroidManifest.xml:28:9-35
46        android:theme="@style/Theme.HulkSA"
46-->src/main/AndroidManifest.xml:29:9-44
47        android:usesCleartextTraffic="true" >
47-->src/main/AndroidManifest.xml:30:9-44
48        <provider
49            android:name="sa.hulksa.player.data.DurableDownloadLifecycleProvider"
49-->src/main/AndroidManifest.xml:33:13-66
50            android:authorities="sa.hulksa.player.dev.durable-download-lifecycle"
50-->src/main/AndroidManifest.xml:34:13-78
51            android:exported="false" />
51-->src/main/AndroidManifest.xml:35:13-37
52
53        <receiver
53-->src/main/AndroidManifest.xml:37:9-39:40
54            android:name="sa.hulksa.player.data.DurableDownloadActionReceiver"
54-->src/main/AndroidManifest.xml:38:13-63
55            android:exported="false" />
55-->src/main/AndroidManifest.xml:39:13-37
56
57        <service
57-->src/main/AndroidManifest.xml:41:9-44:34
58            android:name="androidx.work.impl.foreground.SystemForegroundService"
58-->src/main/AndroidManifest.xml:42:13-81
59            android:directBootAware="false"
59-->[androidx.work:work-runtime:2.11.2] AndroidManifest.xml:48:13-44
60            android:enabled="@bool/enable_system_foreground_service_default"
60-->[androidx.work:work-runtime:2.11.2] AndroidManifest.xml:49:13-77
61            android:exported="false"
61-->[androidx.work:work-runtime:2.11.2] AndroidManifest.xml:50:13-37
62            android:foregroundServiceType="dataSync" />
62-->src/main/AndroidManifest.xml:43:13-53
63
64        <activity
64-->src/main/AndroidManifest.xml:46:9-54:20
65            android:name="sa.hulksa.player.MainActivity"
65-->src/main/AndroidManifest.xml:47:13-41
66            android:configChanges="keyboard|keyboardHidden|navigation|orientation|screenSize|screenLayout|smallestScreenSize|uiMode"
66-->src/main/AndroidManifest.xml:48:13-133
67            android:exported="true" >
67-->src/main/AndroidManifest.xml:49:13-36
68            <intent-filter>
68-->src/main/AndroidManifest.xml:50:13-53:29
69                <action android:name="android.intent.action.MAIN" />
69-->src/main/AndroidManifest.xml:51:17-69
69-->src/main/AndroidManifest.xml:51:25-66
70
71                <category android:name="android.intent.category.LAUNCHER" />
71-->src/main/AndroidManifest.xml:52:17-77
71-->src/main/AndroidManifest.xml:52:27-74
72            </intent-filter>
73        </activity>
74        <activity
74-->src/main/AndroidManifest.xml:56:9-69:20
75            android:name="sa.hulksa.player.TvMainActivity"
75-->src/main/AndroidManifest.xml:57:13-43
76            android:banner="@drawable/tv_banner"
76-->src/main/AndroidManifest.xml:58:13-49
77            android:configChanges="keyboard|keyboardHidden|navigation|orientation|screenSize|screenLayout|smallestScreenSize|uiMode"
77-->src/main/AndroidManifest.xml:59:13-133
78            android:exported="true"
78-->src/main/AndroidManifest.xml:60:13-36
79            android:icon="@mipmap/ic_launcher"
79-->src/main/AndroidManifest.xml:61:13-47
80            android:label="@string/app_name"
80-->src/main/AndroidManifest.xml:62:13-45
81            android:screenOrientation="sensorLandscape"
81-->src/main/AndroidManifest.xml:63:13-56
82            android:theme="@style/Theme.HulkSA.TV" >
82-->src/main/AndroidManifest.xml:64:13-51
83            <intent-filter>
83-->src/main/AndroidManifest.xml:65:13-68:29
84                <action android:name="android.intent.action.MAIN" />
84-->src/main/AndroidManifest.xml:51:17-69
84-->src/main/AndroidManifest.xml:51:25-66
85
86                <category android:name="android.intent.category.LEANBACK_LAUNCHER" />
86-->src/main/AndroidManifest.xml:67:17-86
86-->src/main/AndroidManifest.xml:67:27-83
87            </intent-filter>
88        </activity>
89
90        <provider
90-->[androidx.work:work-runtime:2.11.2] AndroidManifest.xml:29:9-37:20
91            android:name="androidx.startup.InitializationProvider"
91-->[androidx.work:work-runtime:2.11.2] AndroidManifest.xml:30:13-67
92            android:authorities="sa.hulksa.player.dev.androidx-startup"
92-->[androidx.work:work-runtime:2.11.2] AndroidManifest.xml:31:13-68
93            android:exported="false" >
93-->[androidx.work:work-runtime:2.11.2] AndroidManifest.xml:32:13-37
94            <meta-data
94-->[androidx.work:work-runtime:2.11.2] AndroidManifest.xml:34:13-36:52
95                android:name="androidx.work.WorkManagerInitializer"
95-->[androidx.work:work-runtime:2.11.2] AndroidManifest.xml:35:17-68
96                android:value="androidx.startup" />
96-->[androidx.work:work-runtime:2.11.2] AndroidManifest.xml:36:17-49
97            <meta-data
97-->[androidx.emoji2:emoji2:1.4.0] AndroidManifest.xml:29:13-31:52
98                android:name="androidx.emoji2.text.EmojiCompatInitializer"
98-->[androidx.emoji2:emoji2:1.4.0] AndroidManifest.xml:30:17-75
99                android:value="androidx.startup" />
99-->[androidx.emoji2:emoji2:1.4.0] AndroidManifest.xml:31:17-49
100            <meta-data
100-->[androidx.lifecycle:lifecycle-process:2.10.0] AndroidManifest.xml:29:13-31:52
101                android:name="androidx.lifecycle.ProcessLifecycleInitializer"
101-->[androidx.lifecycle:lifecycle-process:2.10.0] AndroidManifest.xml:30:17-78
102                android:value="androidx.startup" />
102-->[androidx.lifecycle:lifecycle-process:2.10.0] AndroidManifest.xml:31:17-49
103            <meta-data
103-->[androidx.profileinstaller:profileinstaller:1.4.1] AndroidManifest.xml:29:13-31:52
104                android:name="androidx.profileinstaller.ProfileInstallerInitializer"
104-->[androidx.profileinstaller:profileinstaller:1.4.1] AndroidManifest.xml:30:17-85
105                android:value="androidx.startup" />
105-->[androidx.profileinstaller:profileinstaller:1.4.1] AndroidManifest.xml:31:17-49
106        </provider>
107
108        <service
108-->[androidx.work:work-runtime:2.11.2] AndroidManifest.xml:39:9-45:35
109            android:name="androidx.work.impl.background.systemjob.SystemJobService"
109-->[androidx.work:work-runtime:2.11.2] AndroidManifest.xml:40:13-84
110            android:directBootAware="false"
110-->[androidx.work:work-runtime:2.11.2] AndroidManifest.xml:41:13-44
111            android:enabled="@bool/enable_system_job_service_default"
111-->[androidx.work:work-runtime:2.11.2] AndroidManifest.xml:42:13-70
112            android:exported="true"
112-->[androidx.work:work-runtime:2.11.2] AndroidManifest.xml:43:13-36
113            android:permission="android.permission.BIND_JOB_SERVICE" />
113-->[androidx.work:work-runtime:2.11.2] AndroidManifest.xml:44:13-69
114
115        <receiver
115-->[androidx.work:work-runtime:2.11.2] AndroidManifest.xml:54:9-59:35
116            android:name="androidx.work.impl.utils.ForceStopRunnable$BroadcastReceiver"
116-->[androidx.work:work-runtime:2.11.2] AndroidManifest.xml:55:13-88
117            android:directBootAware="false"
117-->[androidx.work:work-runtime:2.11.2] AndroidManifest.xml:56:13-44
118            android:enabled="true"
118-->[androidx.work:work-runtime:2.11.2] AndroidManifest.xml:57:13-35
119            android:exported="false" />
119-->[androidx.work:work-runtime:2.11.2] AndroidManifest.xml:58:13-37
120        <receiver
120-->[androidx.work:work-runtime:2.11.2] AndroidManifest.xml:60:9-69:20
121            android:name="androidx.work.impl.background.systemalarm.RescheduleReceiver"
121-->[androidx.work:work-runtime:2.11.2] AndroidManifest.xml:61:13-88
122            android:directBootAware="false"
122-->[androidx.work:work-runtime:2.11.2] AndroidManifest.xml:62:13-44
123            android:enabled="false"
123-->[androidx.work:work-runtime:2.11.2] AndroidManifest.xml:63:13-36
124            android:exported="false" >
124-->[androidx.work:work-runtime:2.11.2] AndroidManifest.xml:64:13-37
125            <intent-filter>
125-->[androidx.work:work-runtime:2.11.2] AndroidManifest.xml:66:13-68:29
126                <action android:name="android.intent.action.BOOT_COMPLETED" />
126-->[androidx.work:work-runtime:2.11.2] AndroidManifest.xml:67:17-79
126-->[androidx.work:work-runtime:2.11.2] AndroidManifest.xml:67:25-76
127            </intent-filter>
128        </receiver>
129        <receiver
129-->[androidx.work:work-runtime:2.11.2] AndroidManifest.xml:70:9-80:20
130            android:name="androidx.work.impl.diagnostics.DiagnosticsReceiver"
130-->[androidx.work:work-runtime:2.11.2] AndroidManifest.xml:71:13-78
131            android:directBootAware="false"
131-->[androidx.work:work-runtime:2.11.2] AndroidManifest.xml:72:13-44
132            android:enabled="true"
132-->[androidx.work:work-runtime:2.11.2] AndroidManifest.xml:73:13-35
133            android:exported="true"
133-->[androidx.work:work-runtime:2.11.2] AndroidManifest.xml:74:13-36
134            android:permission="android.permission.DUMP" >
134-->[androidx.work:work-runtime:2.11.2] AndroidManifest.xml:75:13-57
135            <intent-filter>
135-->[androidx.work:work-runtime:2.11.2] AndroidManifest.xml:77:13-79:29
136                <action android:name="androidx.work.diagnostics.REQUEST_DIAGNOSTICS" />
136-->[androidx.work:work-runtime:2.11.2] AndroidManifest.xml:78:17-88
136-->[androidx.work:work-runtime:2.11.2] AndroidManifest.xml:78:25-85
137            </intent-filter>
138        </receiver>
139
140        <activity
140-->[androidx.compose.ui:ui-tooling-android:1.11.3] AndroidManifest.xml:23:9-25:39
141            android:name="androidx.compose.ui.tooling.PreviewActivity"
141-->[androidx.compose.ui:ui-tooling-android:1.11.3] AndroidManifest.xml:24:13-71
142            android:exported="true" />
142-->[androidx.compose.ui:ui-tooling-android:1.11.3] AndroidManifest.xml:25:13-36
143
144        <uses-library
144-->[androidx.window:window:1.5.0] AndroidManifest.xml:23:9-25:40
145            android:name="androidx.window.extensions"
145-->[androidx.window:window:1.5.0] AndroidManifest.xml:24:13-54
146            android:required="false" />
146-->[androidx.window:window:1.5.0] AndroidManifest.xml:25:13-37
147        <uses-library
147-->[androidx.window:window:1.5.0] AndroidManifest.xml:26:9-28:40
148            android:name="androidx.window.sidecar"
148-->[androidx.window:window:1.5.0] AndroidManifest.xml:27:13-51
149            android:required="false" />
149-->[androidx.window:window:1.5.0] AndroidManifest.xml:28:13-37
150
151        <activity
151-->[androidx.compose.ui:ui-test-manifest:1.11.3] AndroidManifest.xml:23:9-26:79
152            android:name="androidx.activity.ComponentActivity"
152-->[androidx.compose.ui:ui-test-manifest:1.11.3] AndroidManifest.xml:24:13-63
153            android:exported="true"
153-->[androidx.compose.ui:ui-test-manifest:1.11.3] AndroidManifest.xml:25:13-36
154            android:theme="@android:style/Theme.Material.Light.NoActionBar" />
154-->[androidx.compose.ui:ui-test-manifest:1.11.3] AndroidManifest.xml:26:13-76
155
156        <service
156-->[androidx.room:room-runtime-android:2.7.0] AndroidManifest.xml:24:9-28:63
157            android:name="androidx.room.MultiInstanceInvalidationService"
157-->[androidx.room:room-runtime-android:2.7.0] AndroidManifest.xml:25:13-74
158            android:directBootAware="true"
158-->[androidx.room:room-runtime-android:2.7.0] AndroidManifest.xml:26:13-43
159            android:exported="false" />
159-->[androidx.room:room-runtime-android:2.7.0] AndroidManifest.xml:27:13-37
160
161        <receiver
161-->[androidx.profileinstaller:profileinstaller:1.4.1] AndroidManifest.xml:34:9-52:20
162            android:name="androidx.profileinstaller.ProfileInstallReceiver"
162-->[androidx.profileinstaller:profileinstaller:1.4.1] AndroidManifest.xml:35:13-76
163            android:directBootAware="false"
163-->[androidx.profileinstaller:profileinstaller:1.4.1] AndroidManifest.xml:36:13-44
164            android:enabled="true"
164-->[androidx.profileinstaller:profileinstaller:1.4.1] AndroidManifest.xml:37:13-35
165            android:exported="true"
165-->[androidx.profileinstaller:profileinstaller:1.4.1] AndroidManifest.xml:38:13-36
166            android:permission="android.permission.DUMP" >
166-->[androidx.profileinstaller:profileinstaller:1.4.1] AndroidManifest.xml:39:13-57
167            <intent-filter>
167-->[androidx.profileinstaller:profileinstaller:1.4.1] AndroidManifest.xml:40:13-42:29
168                <action android:name="androidx.profileinstaller.action.INSTALL_PROFILE" />
168-->[androidx.profileinstaller:profileinstaller:1.4.1] AndroidManifest.xml:41:17-91
168-->[androidx.profileinstaller:profileinstaller:1.4.1] AndroidManifest.xml:41:25-88
169            </intent-filter>
170            <intent-filter>
170-->[androidx.profileinstaller:profileinstaller:1.4.1] AndroidManifest.xml:43:13-45:29
171                <action android:name="androidx.profileinstaller.action.SKIP_FILE" />
171-->[androidx.profileinstaller:profileinstaller:1.4.1] AndroidManifest.xml:44:17-85
171-->[androidx.profileinstaller:profileinstaller:1.4.1] AndroidManifest.xml:44:25-82
172            </intent-filter>
173            <intent-filter>
173-->[androidx.profileinstaller:profileinstaller:1.4.1] AndroidManifest.xml:46:13-48:29
174                <action android:name="androidx.profileinstaller.action.SAVE_PROFILE" />
174-->[androidx.profileinstaller:profileinstaller:1.4.1] AndroidManifest.xml:47:17-88
174-->[androidx.profileinstaller:profileinstaller:1.4.1] AndroidManifest.xml:47:25-85
175            </intent-filter>
176            <intent-filter>
176-->[androidx.profileinstaller:profileinstaller:1.4.1] AndroidManifest.xml:49:13-51:29
177                <action android:name="androidx.profileinstaller.action.BENCHMARK_OPERATION" />
177-->[androidx.profileinstaller:profileinstaller:1.4.1] AndroidManifest.xml:50:17-95
177-->[androidx.profileinstaller:profileinstaller:1.4.1] AndroidManifest.xml:50:25-92
178            </intent-filter>
179        </receiver>
180    </application>
181
182</manifest>